<?xml version="1.0" encoding="UTF-8"?>
<testsuite xmlns:xsi="http://www.w3.org/2001/XMLSchema-instance" xsi:noNamespaceSchemaLocation="https://maven.apache.org/surefire/maven-surefire-plugin/xsd/surefire-test-report-3.0.xsd" version="3.0" name="com.senars.cycle.CognitiveCycleTest" time="0.251" tests="4" errors="0" skipped="0" failures="0">
  <properties>
[...]
</properties>
  <testcase name="step_handlesActionPlanVetoAndCreatesReplanGoal" classname="com.senars.cycle.CognitiveCycleTest" time="0.21">
    <system-out><![CDATA[[CognitiveCycle] Focusing on thought: 06ea8dc3-1e8a-4672-a8ca-c1929c2ee3f7
[CognitiveCycle] New thought generated: ACTION_PLAN - 04e68b49-08ca-4739-a3af-2cd161535998
[CognitiveCycle] ACTION_PLAN vetoed: This is unsafe!
[CognitiveCycle] Created replan goal: e201d7b8-c751-4b7c-ad1d-004dbcbb2395
]]></system-out>
  </testcase>
  <testcase name="step_perceivesNewThoughtsAndAddsToFunnel" classname="com.senars.cycle.CognitiveCycleTest" time="0.011">
    <system-out><![CDATA[[CognitiveCycle] Perceived 1 new thoughts.
[CognitiveCycle] No focus thought. System is idle.
]]></system-out>
  </testcase>
  <testcase name="step_processesFocusThoughtAndAddsToMemory" classname="com.senars.cycle.CognitiveCycleTest" time="0.008">
    <system-out><![CDATA[[CognitiveCycle] Focusing on thought: 20c46828-92b3-4a58-8081-1f4653858f1c
[CognitiveCycle] New thought generated: REPORT - 86f57bcf-e703-47c1-86c8-a4715d93ba91
]]></system-out>
  </testcase>
  <testcase name="step_handlesActionPlanApprovalAndExecution" classname="com.senars.cycle.CognitiveCycleTest" time="0.01">
    <system-out><![CDATA[[CognitiveCycle] Focusing on thought: 3e8d328f-9d76-4bf9-8fc7-43ade6279b4c
[CognitiveCycle] New thought generated: ACTION_PLAN - baea11c9-5a38-45bc-921f-96fbddea8a33
[CognitiveCycle] ACTION_PLAN approved. Executing...
]]></system-out>
  </testcase>
</testsuite>