<?xml version="1.0" encoding="UTF-8"?>
<testsuite xmlns:xsi="http://www.w3.org/2001/XMLSchema-instance" xsi:noNamespaceSchemaLocation="https://maven.apache.org/surefire/maven-surefire-plugin/xsd/surefire-test-report-3.0.xsd" version="3.0" name="com.senars.cycle.CognitiveCycleTest" time="0.39" tests="3" errors="0" skipped="0" failures="0">
  <properties>
[...]
</properties>
  <testcase name="step_handlesActionPlanVetoAndCreatesReplanGoal" classname="com.senars.cycle.CognitiveCycleTest" time="0.326">
    <system-out><![CDATA[[CognitiveCycle] Focusing on thought: ac2a78b9-397f-4828-802c-1271c40d9a1d
[CognitiveCycle] New thought generated: ACTION_PLAN - 592f9ab0-e326-4e1c-9249-7b66700e08c6
[CognitiveCycle] ACTION_PLAN vetoed: This is unsafe!
[CognitiveCycle] Created replan goal: 24be03ba-69c7-40ad-b221-c1a5cd0166a1
]]></system-out>
  </testcase>
  <testcase name="step_processesFocusThoughtAndAddsToMemory" classname="com.senars.cycle.CognitiveCycleTest" time="0.033">
    <system-out><![CDATA[[CognitiveCycle] Focusing on thought: 5b926353-a894-48da-adc0-fc545936679d
[CognitiveCycle] New thought generated: REPORT - be99efbf-1331-43de-9e23-57b64961a8d0
]]></system-out>
  </testcase>
  <testcase name="step_handlesActionPlanApprovalAndExecution" classname="com.senars.cycle.CognitiveCycleTest" time="0.012">
    <system-out><![CDATA[[CognitiveCycle] Focusing on thought: 0e3fae6e-4a11-449c-8bbb-1ffbb33d6a38
[CognitiveCycle] New thought generated: ACTION_PLAN - c6409965-c4d2-4a46-98a1-6d45d371e135
[CognitiveCycle] ACTION_PLAN approved. Executing...
]]></system-out>
  </testcase>
</testsuite>